============================= test session starts ==============================
platform darwin -- Python 3.9.6, pytest-8.4.2, pluggy-1.6.0 -- /Users/himanshuninawe/Work/Working/EMBEd/venv/bin/python
cachedir: .pytest_cache
rootdir: /Users/himanshuninawe/Work/Working/EMBEd
configfile: pytest.ini
plugins: asyncio-1.2.0, anyio-4.11.0
asyncio: mode=strict, debug=False, asyncio_default_fixture_loop_scope=None, asyncio_default_test_loop_scope=function
collecting ... collected 55 items

tests/test_api.py::TestHealthEndpoint::test_health_check FAILED          [  1%]
tests/test_api.py::TestVectorStoreEndpoints::test_01_list_stores_empty_or_existing FAILED [  3%]
tests/test_api.py::TestVectorStoreEndpoints::test_02_create_store FAILED [  5%]
tests/test_api.py::TestVectorStoreEndpoints::test_03_get_store FAILED    [  7%]
tests/test_api.py::TestVectorStoreEndpoints::test_04_list_stores_with_test_store FAILED [  9%]
tests/test_api.py::TestUploadEndpoints::test_01_upload_text_file FAILED  [ 10%]
tests/test_api.py::TestUploadEndpoints::test_02_upload_image_file FAILED [ 12%]
tests/test_api.py::TestUploadEndpoints::test_03_upload_batch FAILED      [ 14%]
tests/test_api.py::TestSearchEndpoints::test_01_search_by_text FAILED    [ 16%]
tests/test_api.py::TestSearchEndpoints::test_02_search_by_file FAILED    [ 18%]
tests/test_api.py::TestSearchEndpoints::test_03_search_with_modality_filter FAILED [ 20%]
tests/test_api.py::TestFileEndpoints::test_01_list_files_in_store FAILED [ 21%]
tests/test_api.py::TestModalityDetection::test_01_text_modality FAILED   [ 23%]
tests/test_api.py::TestModalityDetection::test_02_image_modality FAILED  [ 25%]
tests/test_api.py::TestErrorHandling::test_01_invalid_store_name FAILED  [ 27%]
tests/test_api.py::TestErrorHandling::test_02_invalid_file_format FAILED [ 29%]
tests/test_api.py::TestErrorHandling::test_03_search_empty_store FAILED  [ 30%]
tests/test_api.py::TestCleanup::test_delete_test_store FAILED            [ 32%]
tests/test_database_service.py::TestDatabaseInitialization::test_initialize_database PASSED [ 34%]
tests/test_database_service.py::TestVectorStoreOperations::test_create_vector_store PASSED [ 36%]
tests/test_database_service.py::TestVectorStoreOperations::test_create_duplicate_store PASSED [ 38%]
tests/test_database_service.py::TestVectorStoreOperations::test_list_vector_stores PASSED [ 40%]
tests/test_database_service.py::TestVectorStoreOperations::test_delete_vector_store PASSED [ 41%]
tests/test_database_service.py::TestFileUploadOperations::test_record_file_upload PASSED [ 43%]
tests/test_database_service.py::TestFileUploadOperations::test_get_store_file_count PASSED [ 45%]
tests/test_database_service.py::TestFileUploadOperations::test_get_store_size PASSED [ 47%]
tests/test_database_service.py::TestFileUploadOperations::test_get_store_modality_counts PASSED [ 49%]
tests/test_database_service.py::TestFileUploadOperations::test_cascade_delete PASSED [ 50%]
tests/test_database_service.py::TestSearchAnalytics::test_record_search PASSED [ 52%]
tests/test_database_service.py::TestSearchAnalytics::test_get_search_stats PASSED [ 54%]
tests/test_database_service.py::TestSystemAnalytics::test_get_system_stats PASSED [ 56%]
tests/test_modality_detection.py::TestModalityDetection::test_text_formats PASSED [ 58%]
tests/test_modality_detection.py::TestModalityDetection::test_image_formats PASSED [ 60%]
tests/test_modality_detection.py::TestModalityDetection::test_video_formats PASSED [ 61%]
tests/test_modality_detection.py::TestModalityDetection::test_audio_formats PASSED [ 63%]
tests/test_modality_detection.py::TestModalityDetection::test_depth_formats PASSED [ 65%]
tests/test_modality_detection.py::TestModalityDetection::test_thermal_formats PASSED [ 67%]
tests/test_modality_detection.py::TestModalityDetection::test_imu_formats PASSED [ 69%]
tests/test_modality_detection.py::TestModalityValidation::test_validate_text_file PASSED [ 70%]
tests/test_modality_detection.py::TestModalityValidation::test_validate_image_file PASSED [ 72%]
tests/test_modality_detection.py::TestModalityValidation::test_validate_video_file PASSED [ 74%]
tests/test_modality_detection.py::TestModalityValidation::test_validate_audio_file PASSED [ 76%]
tests/test_modality_detection.py::TestModalityValidation::test_validate_depth_file PASSED [ 78%]
tests/test_modality_detection.py::TestModalityValidation::test_validate_thermal_file PASSED [ 80%]
tests/test_modality_detection.py::TestModalityValidation::test_validate_imu_file PASSED [ 81%]
tests/test_modality_detection.py::TestSupportedFormats::test_get_text_formats PASSED [ 83%]
tests/test_modality_detection.py::TestSupportedFormats::test_get_image_formats PASSED [ 85%]
tests/test_modality_detection.py::TestSupportedFormats::test_get_video_formats PASSED [ 87%]
tests/test_modality_detection.py::TestSupportedFormats::test_get_audio_formats PASSED [ 89%]
tests/test_modality_detection.py::TestSupportedFormats::test_get_depth_formats PASSED [ 90%]
tests/test_modality_detection.py::TestSupportedFormats::test_get_thermal_formats PASSED [ 92%]
tests/test_modality_detection.py::TestSupportedFormats::test_get_imu_formats PASSED [ 94%]
tests/test_modality_detection.py::TestSupportedFormats::test_get_all_formats PASSED [ 96%]
tests/test_modality_detection.py::TestFormatSupport::test_supported_formats PASSED [ 98%]
tests/test_modality_detection.py::TestFormatSupport::test_unsupported_formats PASSED [100%]

=================================== FAILURES ===================================
_____________________ TestHealthEndpoint.test_health_check _____________________
venv/lib/python3.9/site-packages/urllib3/connection.py:198: in _new_conn
    sock = connection.create_connection(
venv/lib/python3.9/site-packages/urllib3/util/connection.py:85: in create_connection
    raise err
venv/lib/python3.9/site-packages/urllib3/util/connection.py:73: in create_connection
    sock.connect(sa)
E   ConnectionRefusedError: [Errno 61] Connection refused

The above exception was the direct cause of the following exception:
venv/lib/python3.9/site-packages/urllib3/connectionpool.py:787: in urlopen
    response = self._make_request(
venv/lib/python3.9/site-packages/urllib3/connectionpool.py:493: in _make_request
    conn.request(
venv/lib/python3.9/site-packages/urllib3/connection.py:445: in request
    self.endheaders()
/Library/Developer/CommandLineTools/Library/Frameworks/Python3.framework/Versions/3.9/lib/python3.9/http/client.py:1252: in endheaders
    self._send_output(message_body, encode_chunked=encode_chunked)
/Library/Developer/CommandLineTools/Library/Frameworks/Python3.framework/Versions/3.9/lib/python3.9/http/client.py:1012: in _send_output
    self.send(msg)
/Library/Developer/CommandLineTools/Library/Frameworks/Python3.framework/Versions/3.9/lib/python3.9/http/client.py:952: in send
    self.connect()
venv/lib/python3.9/site-packages/urllib3/connection.py:276: in connect
    self.sock = self._new_conn()
venv/lib/python3.9/site-packages/urllib3/connection.py:213: in _new_conn
    raise NewConnectionError(
E   urllib3.exceptions.NewConnectionError: <urllib3.connection.HTTPConnection object at 0x12fb43130>: Failed to establish a new connection: [Errno 61] Connection refused

The above exception was the direct cause of the following exception:
venv/lib/python3.9/site-packages/requests/adapters.py:644: in send
    resp = conn.urlopen(
venv/lib/python3.9/site-packages/urllib3/connectionpool.py:841: in urlopen
    retries = retries.increment(
venv/lib/python3.9/site-packages/urllib3/util/retry.py:519: in increment
    raise MaxRetryError(_pool, url, reason) from reason  # type: ignore[arg-type]
E   urllib3.exceptions.MaxRetryError: HTTPConnectionPool(host='localhost', port=8000): Max retries exceeded with url: /api/health (Caused by NewConnectionError('<urllib3.connection.HTTPConnection object at 0x12fb43130>: Failed to establish a new connection: [Errno 61] Connection refused'))

During handling of the above exception, another exception occurred:
tests/test_api.py:27: in test_health_check
    response = requests.get(f"{API_BASE}/health")
venv/lib/python3.9/site-packages/requests/api.py:73: in get
    return request("get", url, params=params, **kwargs)
venv/lib/python3.9/site-packages/requests/api.py:59: in request
    return session.request(method=method, url=url, **kwargs)
venv/lib/python3.9/site-packages/requests/sessions.py:589: in request
    resp = self.send(prep, **send_kwargs)
venv/lib/python3.9/site-packages/requests/sessions.py:703: in send
    r = adapter.send(request, **kwargs)
venv/lib/python3.9/site-packages/requests/adapters.py:677: in send
    raise ConnectionError(e, request=request)
E   requests.exceptions.ConnectionError: HTTPConnectionPool(host='localhost', port=8000): Max retries exceeded with url: /api/health (Caused by NewConnectionError('<urllib3.connection.HTTPConnection object at 0x12fb43130>: Failed to establish a new connection: [Errno 61] Connection refused'))
________ TestVectorStoreEndpoints.test_01_list_stores_empty_or_existing ________
venv/lib/python3.9/site-packages/urllib3/connection.py:198: in _new_conn
    sock = connection.create_connection(
venv/lib/python3.9/site-packages/urllib3/util/connection.py:85: in create_connection
    raise err
venv/lib/python3.9/site-packages/urllib3/util/connection.py:73: in create_connection
    sock.connect(sa)
E   ConnectionRefusedError: [Errno 61] Connection refused

The above exception was the direct cause of the following exception:
venv/lib/python3.9/site-packages/urllib3/connectionpool.py:787: in urlopen
    response = self._make_request(
venv/lib/python3.9/site-packages/urllib3/connectionpool.py:493: in _make_request
    conn.request(
venv/lib/python3.9/site-packages/urllib3/connection.py:445: in request
    self.endheaders()
/Library/Developer/CommandLineTools/Library/Frameworks/Python3.framework/Versions/3.9/lib/python3.9/http/client.py:1252: in endheaders
    self._send_output(message_body, encode_chunked=encode_chunked)
/Library/Developer/CommandLineTools/Library/Frameworks/Python3.framework/Versions/3.9/lib/python3.9/http/client.py:1012: in _send_output
    self.send(msg)
/Library/Developer/CommandLineTools/Library/Frameworks/Python3.framework/Versions/3.9/lib/python3.9/http/client.py:952: in send
    self.connect()
venv/lib/python3.9/site-packages/urllib3/connection.py:276: in connect
    self.sock = self._new_conn()
venv/lib/python3.9/site-packages/urllib3/connection.py:213: in _new_conn
    raise NewConnectionError(
E   urllib3.exceptions.NewConnectionError: <urllib3.connection.HTTPConnection object at 0x12ffae400>: Failed to establish a new connection: [Errno 61] Connection refused

The above exception was the direct cause of the following exception:
venv/lib/python3.9/site-packages/requests/adapters.py:644: in send
    resp = conn.urlopen(
venv/lib/python3.9/site-packages/urllib3/connectionpool.py:841: in urlopen
    retries = retries.increment(
venv/lib/python3.9/site-packages/urllib3/util/retry.py:519: in increment
    raise MaxRetryError(_pool, url, reason) from reason  # type: ignore[arg-type]
E   urllib3.exceptions.MaxRetryError: HTTPConnectionPool(host='localhost', port=8000): Max retries exceeded with url: /api/vector-stores (Caused by NewConnectionError('<urllib3.connection.HTTPConnection object at 0x12ffae400>: Failed to establish a new connection: [Errno 61] Connection refused'))

During handling of the above exception, another exception occurred:
tests/test_api.py:39: in test_01_list_stores_empty_or_existing
    response = requests.get(f"{API_BASE}/vector-stores")
venv/lib/python3.9/site-packages/requests/api.py:73: in get
    return request("get", url, params=params, **kwargs)
venv/lib/python3.9/site-packages/requests/api.py:59: in request
    return session.request(method=method, url=url, **kwargs)
venv/lib/python3.9/site-packages/requests/sessions.py:589: in request
    resp = self.send(prep, **send_kwargs)
venv/lib/python3.9/site-packages/requests/sessions.py:703: in send
    r = adapter.send(request, **kwargs)
venv/lib/python3.9/site-packages/requests/adapters.py:677: in send
    raise ConnectionError(e, request=request)
E   requests.exceptions.ConnectionError: HTTPConnectionPool(host='localhost', port=8000): Max retries exceeded with url: /api/vector-stores (Caused by NewConnectionError('<urllib3.connection.HTTPConnection object at 0x12ffae400>: Failed to establish a new connection: [Errno 61] Connection refused'))
________________ TestVectorStoreEndpoints.test_02_create_store _________________
venv/lib/python3.9/site-packages/urllib3/connection.py:198: in _new_conn
    sock = connection.create_connection(
venv/lib/python3.9/site-packages/urllib3/util/connection.py:85: in create_connection
    raise err
venv/lib/python3.9/site-packages/urllib3/util/connection.py:73: in create_connection
    sock.connect(sa)
E   ConnectionRefusedError: [Errno 61] Connection refused

The above exception was the direct cause of the following exception:
venv/lib/python3.9/site-packages/urllib3/connectionpool.py:787: in urlopen
    response = self._make_request(
venv/lib/python3.9/site-packages/urllib3/connectionpool.py:493: in _make_request
    conn.request(
venv/lib/python3.9/site-packages/urllib3/connection.py:445: in request
    self.endheaders()
/Library/Developer/CommandLineTools/Library/Frameworks/Python3.framework/Versions/3.9/lib/python3.9/http/client.py:1252: in endheaders
    self._send_output(message_body, encode_chunked=encode_chunked)
/Library/Developer/CommandLineTools/Library/Frameworks/Python3.framework/Versions/3.9/lib/python3.9/http/client.py:1012: in _send_output
    self.send(msg)
/Library/Developer/CommandLineTools/Library/Frameworks/Python3.framework/Versions/3.9/lib/python3.9/http/client.py:952: in send
    self.connect()
venv/lib/python3.9/site-packages/urllib3/connection.py:276: in connect
    self.sock = self._new_conn()
venv/lib/python3.9/site-packages/urllib3/connection.py:213: in _new_conn
    raise NewConnectionError(
E   urllib3.exceptions.NewConnectionError: <urllib3.connection.HTTPConnection object at 0x12fe72730>: Failed to establish a new connection: [Errno 61] Connection refused

The above exception was the direct cause of the following exception:
venv/lib/python3.9/site-packages/requests/adapters.py:644: in send
    resp = conn.urlopen(
venv/lib/python3.9/site-packages/urllib3/connectionpool.py:841: in urlopen
    retries = retries.increment(
venv/lib/python3.9/site-packages/urllib3/util/retry.py:519: in increment
    raise MaxRetryError(_pool, url, reason) from reason  # type: ignore[arg-type]
E   urllib3.exceptions.MaxRetryError: HTTPConnectionPool(host='localhost', port=8000): Max retries exceeded with url: /api/vector-stores/test_api_store (Caused by NewConnectionError('<urllib3.connection.HTTPConnection object at 0x12fe72730>: Failed to establish a new connection: [Errno 61] Connection refused'))

During handling of the above exception, another exception occurred:
tests/test_api.py:48: in test_02_create_store
    requests.delete(f"{API_BASE}/vector-stores/{TEST_STORE_NAME}")
venv/lib/python3.9/site-packages/requests/api.py:157: in delete
    return request("delete", url, **kwargs)
venv/lib/python3.9/site-packages/requests/api.py:59: in request
    return session.request(method=method, url=url, **kwargs)
venv/lib/python3.9/site-packages/requests/sessions.py:589: in request
    resp = self.send(prep, **send_kwargs)
venv/lib/python3.9/site-packages/requests/sessions.py:703: in send
    r = adapter.send(request, **kwargs)
venv/lib/python3.9/site-packages/requests/adapters.py:677: in send
    raise ConnectionError(e, request=request)
E   requests.exceptions.ConnectionError: HTTPConnectionPool(host='localhost', port=8000): Max retries exceeded with url: /api/vector-stores/test_api_store (Caused by NewConnectionError('<urllib3.connection.HTTPConnection object at 0x12fe72730>: Failed to establish a new connection: [Errno 61] Connection refused'))
__________________ TestVectorStoreEndpoints.test_03_get_store __________________
venv/lib/python3.9/site-packages/urllib3/connection.py:198: in _new_conn
    sock = connection.create_connection(
venv/lib/python3.9/site-packages/urllib3/util/connection.py:85: in create_connection
    raise err
venv/lib/python3.9/site-packages/urllib3/util/connection.py:73: in create_connection
    sock.connect(sa)
E   ConnectionRefusedError: [Errno 61] Connection refused

The above exception was the direct cause of the following exception:
venv/lib/python3.9/site-packages/urllib3/connectionpool.py:787: in urlopen
    response = self._make_request(
venv/lib/python3.9/site-packages/urllib3/connectionpool.py:493: in _make_request
    conn.request(
venv/lib/python3.9/site-packages/urllib3/connection.py:445: in request
    self.endheaders()
/Library/Developer/CommandLineTools/Library/Frameworks/Python3.framework/Versions/3.9/lib/python3.9/http/client.py:1252: in endheaders
    self._send_output(message_body, encode_chunked=encode_chunked)
/Library/Developer/CommandLineTools/Library/Frameworks/Python3.framework/Versions/3.9/lib/python3.9/http/client.py:1012: in _send_output
    self.send(msg)
/Library/Developer/CommandLineTools/Library/Frameworks/Python3.framework/Versions/3.9/lib/python3.9/http/client.py:952: in send
    self.connect()
venv/lib/python3.9/site-packages/urllib3/connection.py:276: in connect
    self.sock = self._new_conn()
venv/lib/python3.9/site-packages/urllib3/connection.py:213: in _new_conn
    raise NewConnectionError(
E   urllib3.exceptions.NewConnectionError: <urllib3.connection.HTTPConnection object at 0x12fe79f10>: Failed to establish a new connection: [Errno 61] Connection refused

The above exception was the direct cause of the following exception:
venv/lib/python3.9/site-packages/requests/adapters.py:644: in send
    resp = conn.urlopen(
venv/lib/python3.9/site-packages/urllib3/connectionpool.py:841: in urlopen
    retries = retries.increment(
venv/lib/python3.9/site-packages/urllib3/util/retry.py:519: in increment
    raise MaxRetryError(_pool, url, reason) from reason  # type: ignore[arg-type]
E   urllib3.exceptions.MaxRetryError: HTTPConnectionPool(host='localhost', port=8000): Max retries exceeded with url: /api/vector-stores/test_api_store (Caused by NewConnectionError('<urllib3.connection.HTTPConnection object at 0x12fe79f10>: Failed to establish a new connection: [Errno 61] Connection refused'))

During handling of the above exception, another exception occurred:
tests/test_api.py:62: in test_03_get_store
    response = requests.get(f"{API_BASE}/vector-stores/{TEST_STORE_NAME}")
venv/lib/python3.9/site-packages/requests/api.py:73: in get
    return request("get", url, params=params, **kwargs)
venv/lib/python3.9/site-packages/requests/api.py:59: in request
    return session.request(method=method, url=url, **kwargs)
venv/lib/python3.9/site-packages/requests/sessions.py:589: in request
    resp = self.send(prep, **send_kwargs)
venv/lib/python3.9/site-packages/requests/sessions.py:703: in send
    r = adapter.send(request, **kwargs)
venv/lib/python3.9/site-packages/requests/adapters.py:677: in send
    raise ConnectionError(e, request=request)
E   requests.exceptions.ConnectionError: HTTPConnectionPool(host='localhost', port=8000): Max retries exceeded with url: /api/vector-stores/test_api_store (Caused by NewConnectionError('<urllib3.connection.HTTPConnection object at 0x12fe79f10>: Failed to establish a new connection: [Errno 61] Connection refused'))
_________ TestVectorStoreEndpoints.test_04_list_stores_with_test_store _________
venv/lib/python3.9/site-packages/urllib3/connection.py:198: in _new_conn
    sock = connection.create_connection(
venv/lib/python3.9/site-packages/urllib3/util/connection.py:85: in create_connection
    raise err
venv/lib/python3.9/site-packages/urllib3/util/connection.py:73: in create_connection
    sock.connect(sa)
E   ConnectionRefusedError: [Errno 61] Connection refused

The above exception was the direct cause of the following exception:
venv/lib/python3.9/site-packages/urllib3/connectionpool.py:787: in urlopen
    response = self._make_request(
venv/lib/python3.9/site-packages/urllib3/connectionpool.py:493: in _make_request
    conn.request(
venv/lib/python3.9/site-packages/urllib3/connection.py:445: in request
    self.endheaders()
/Library/Developer/CommandLineTools/Library/Frameworks/Python3.framework/Versions/3.9/lib/python3.9/http/client.py:1252: in endheaders
    self._send_output(message_body, encode_chunked=encode_chunked)
/Library/Developer/CommandLineTools/Library/Frameworks/Python3.framework/Versions/3.9/lib/python3.9/http/client.py:1012: in _send_output
    self.send(msg)
/Library/Developer/CommandLineTools/Library/Frameworks/Python3.framework/Versions/3.9/lib/python3.9/http/client.py:952: in send
    self.connect()
venv/lib/python3.9/site-packages/urllib3/connection.py:276: in connect
    self.sock = self._new_conn()
venv/lib/python3.9/site-packages/urllib3/connection.py:213: in _new_conn
    raise NewConnectionError(
E   urllib3.exceptions.NewConnectionError: <urllib3.connection.HTTPConnection object at 0x12fdda1c0>: Failed to establish a new connection: [Errno 61] Connection refused

The above exception was the direct cause of the following exception:
venv/lib/python3.9/site-packages/requests/adapters.py:644: in send
    resp = conn.urlopen(
venv/lib/python3.9/site-packages/urllib3/connectionpool.py:841: in urlopen
    retries = retries.increment(
venv/lib/python3.9/site-packages/urllib3/util/retry.py:519: in increment
    raise MaxRetryError(_pool, url, reason) from reason  # type: ignore[arg-type]
E   urllib3.exceptions.MaxRetryError: HTTPConnectionPool(host='localhost', port=8000): Max retries exceeded with url: /api/vector-stores (Caused by NewConnectionError('<urllib3.connection.HTTPConnection object at 0x12fdda1c0>: Failed to establish a new connection: [Errno 61] Connection refused'))

During handling of the above exception, another exception occurred:
tests/test_api.py:69: in test_04_list_stores_with_test_store
    response = requests.get(f"{API_BASE}/vector-stores")
venv/lib/python3.9/site-packages/requests/api.py:73: in get
    return request("get", url, params=params, **kwargs)
venv/lib/python3.9/site-packages/requests/api.py:59: in request
    return session.request(method=method, url=url, **kwargs)
venv/lib/python3.9/site-packages/requests/sessions.py:589: in request
    resp = self.send(prep, **send_kwargs)
venv/lib/python3.9/site-packages/requests/sessions.py:703: in send
    r = adapter.send(request, **kwargs)
venv/lib/python3.9/site-packages/requests/adapters.py:677: in send
    raise ConnectionError(e, request=request)
E   requests.exceptions.ConnectionError: HTTPConnectionPool(host='localhost', port=8000): Max retries exceeded with url: /api/vector-stores (Caused by NewConnectionError('<urllib3.connection.HTTPConnection object at 0x12fdda1c0>: Failed to establish a new connection: [Errno 61] Connection refused'))
_________________ TestUploadEndpoints.test_01_upload_text_file _________________
venv/lib/python3.9/site-packages/urllib3/connection.py:198: in _new_conn
    sock = connection.create_connection(
venv/lib/python3.9/site-packages/urllib3/util/connection.py:85: in create_connection
    raise err
venv/lib/python3.9/site-packages/urllib3/util/connection.py:73: in create_connection
    sock.connect(sa)
E   ConnectionRefusedError: [Errno 61] Connection refused

The above exception was the direct cause of the following exception:
venv/lib/python3.9/site-packages/urllib3/connectionpool.py:787: in urlopen
    response = self._make_request(
venv/lib/python3.9/site-packages/urllib3/connectionpool.py:493: in _make_request
    conn.request(
venv/lib/python3.9/site-packages/urllib3/connection.py:445: in request
    self.endheaders()
/Library/Developer/CommandLineTools/Library/Frameworks/Python3.framework/Versions/3.9/lib/python3.9/http/client.py:1252: in endheaders
    self._send_output(message_body, encode_chunked=encode_chunked)
/Library/Developer/CommandLineTools/Library/Frameworks/Python3.framework/Versions/3.9/lib/python3.9/http/client.py:1012: in _send_output
    self.send(msg)
/Library/Developer/CommandLineTools/Library/Frameworks/Python3.framework/Versions/3.9/lib/python3.9/http/client.py:952: in send
    self.connect()
venv/lib/python3.9/site-packages/urllib3/connection.py:276: in connect
    self.sock = self._new_conn()
venv/lib/python3.9/site-packages/urllib3/connection.py:213: in _new_conn
    raise NewConnectionError(
E   urllib3.exceptions.NewConnectionError: <urllib3.connection.HTTPConnection object at 0x12fdc7dc0>: Failed to establish a new connection: [Errno 61] Connection refused

The above exception was the direct cause of the following exception:
venv/lib/python3.9/site-packages/requests/adapters.py:644: in send
    resp = conn.urlopen(
venv/lib/python3.9/site-packages/urllib3/connectionpool.py:841: in urlopen
    retries = retries.increment(
venv/lib/python3.9/site-packages/urllib3/util/retry.py:519: in increment
    raise MaxRetryError(_pool, url, reason) from reason  # type: ignore[arg-type]
E   urllib3.exceptions.MaxRetryError: HTTPConnectionPool(host='localhost', port=8000): Max retries exceeded with url: /api/embed (Caused by NewConnectionError('<urllib3.connection.HTTPConnection object at 0x12fdc7dc0>: Failed to establish a new connection: [Errno 61] Connection refused'))

During handling of the above exception, another exception occurred:
tests/test_api.py:89: in test_01_upload_text_file
    response = requests.post(f"{API_BASE}/embed", files=files, data=data)
venv/lib/python3.9/site-packages/requests/api.py:115: in post
    return request("post", url, data=data, json=json, **kwargs)
venv/lib/python3.9/site-packages/requests/api.py:59: in request
    return session.request(method=method, url=url, **kwargs)
venv/lib/python3.9/site-packages/requests/sessions.py:589: in request
    resp = self.send(prep, **send_kwargs)
venv/lib/python3.9/site-packages/requests/sessions.py:703: in send
    r = adapter.send(request, **kwargs)
venv/lib/python3.9/site-packages/requests/adapters.py:677: in send
    raise ConnectionError(e, request=request)
E   requests.exceptions.ConnectionError: HTTPConnectionPool(host='localhost', port=8000): Max retries exceeded with url: /api/embed (Caused by NewConnectionError('<urllib3.connection.HTTPConnection object at 0x12fdc7dc0>: Failed to establish a new connection: [Errno 61] Connection refused'))
________________ TestUploadEndpoints.test_02_upload_image_file _________________
venv/lib/python3.9/site-packages/urllib3/connection.py:198: in _new_conn
    sock = connection.create_connection(
venv/lib/python3.9/site-packages/urllib3/util/connection.py:85: in create_connection
    raise err
venv/lib/python3.9/site-packages/urllib3/util/connection.py:73: in create_connection
    sock.connect(sa)
E   ConnectionRefusedError: [Errno 61] Connection refused

The above exception was the direct cause of the following exception:
venv/lib/python3.9/site-packages/urllib3/connectionpool.py:787: in urlopen
    response = self._make_request(
venv/lib/python3.9/site-packages/urllib3/connectionpool.py:493: in _make_request
    conn.request(
venv/lib/python3.9/site-packages/urllib3/connection.py:445: in request
    self.endheaders()
/Library/Developer/CommandLineTools/Library/Frameworks/Python3.framework/Versions/3.9/lib/python3.9/http/client.py:1252: in endheaders
    self._send_output(message_body, encode_chunked=encode_chunked)
/Library/Developer/CommandLineTools/Library/Frameworks/Python3.framework/Versions/3.9/lib/python3.9/http/client.py:1012: in _send_output
    self.send(msg)
/Library/Developer/CommandLineTools/Library/Frameworks/Python3.framework/Versions/3.9/lib/python3.9/http/client.py:952: in send
    self.connect()
venv/lib/python3.9/site-packages/urllib3/connection.py:276: in connect
    self.sock = self._new_conn()
venv/lib/python3.9/site-packages/urllib3/connection.py:213: in _new_conn
    raise NewConnectionError(
E   urllib3.exceptions.NewConnectionError: <urllib3.connection.HTTPConnection object at 0x12fe64b50>: Failed to establish a new connection: [Errno 61] Connection refused

The above exception was the direct cause of the following exception:
venv/lib/python3.9/site-packages/requests/adapters.py:644: in send
    resp = conn.urlopen(
venv/lib/python3.9/site-packages/urllib3/connectionpool.py:841: in urlopen
    retries = retries.increment(
venv/lib/python3.9/site-packages/urllib3/util/retry.py:519: in increment
    raise MaxRetryError(_pool, url, reason) from reason  # type: ignore[arg-type]
E   urllib3.exceptions.MaxRetryError: HTTPConnectionPool(host='localhost', port=8000): Max retries exceeded with url: /api/embed (Caused by NewConnectionError('<urllib3.connection.HTTPConnection object at 0x12fe64b50>: Failed to establish a new connection: [Errno 61] Connection refused'))

During handling of the above exception, another exception occurred:
tests/test_api.py:107: in test_02_upload_image_file
    response = requests.post(f"{API_BASE}/embed", files=files, data=data)
venv/lib/python3.9/site-packages/requests/api.py:115: in post
    return request("post", url, data=data, json=json, **kwargs)
venv/lib/python3.9/site-packages/requests/api.py:59: in request
    return session.request(method=method, url=url, **kwargs)
venv/lib/python3.9/site-packages/requests/sessions.py:589: in request
    resp = self.send(prep, **send_kwargs)
venv/lib/python3.9/site-packages/requests/sessions.py:703: in send
    r = adapter.send(request, **kwargs)
venv/lib/python3.9/site-packages/requests/adapters.py:677: in send
    raise ConnectionError(e, request=request)
E   requests.exceptions.ConnectionError: HTTPConnectionPool(host='localhost', port=8000): Max retries exceeded with url: /api/embed (Caused by NewConnectionError('<urllib3.connection.HTTPConnection object at 0x12fe64b50>: Failed to establish a new connection: [Errno 61] Connection refused'))
___________________ TestUploadEndpoints.test_03_upload_batch ___________________
venv/lib/python3.9/site-packages/urllib3/connection.py:198: in _new_conn
    sock = connection.create_connection(
venv/lib/python3.9/site-packages/urllib3/util/connection.py:85: in create_connection
    raise err
venv/lib/python3.9/site-packages/urllib3/util/connection.py:73: in create_connection
    sock.connect(sa)
E   ConnectionRefusedError: [Errno 61] Connection refused

The above exception was the direct cause of the following exception:
venv/lib/python3.9/site-packages/urllib3/connectionpool.py:787: in urlopen
    response = self._make_request(
venv/lib/python3.9/site-packages/urllib3/connectionpool.py:493: in _make_request
    conn.request(
venv/lib/python3.9/site-packages/urllib3/connection.py:445: in request
    self.endheaders()
/Library/Developer/CommandLineTools/Library/Frameworks/Python3.framework/Versions/3.9/lib/python3.9/http/client.py:1252: in endheaders
    self._send_output(message_body, encode_chunked=encode_chunked)
/Library/Developer/CommandLineTools/Library/Frameworks/Python3.framework/Versions/3.9/lib/python3.9/http/client.py:1012: in _send_output
    self.send(msg)
/Library/Developer/CommandLineTools/Library/Frameworks/Python3.framework/Versions/3.9/lib/python3.9/http/client.py:952: in send
    self.connect()
venv/lib/python3.9/site-packages/urllib3/connection.py:276: in connect
    self.sock = self._new_conn()
venv/lib/python3.9/site-packages/urllib3/connection.py:213: in _new_conn
    raise NewConnectionError(
E   urllib3.exceptions.NewConnectionError: <urllib3.connection.HTTPConnection object at 0x12fe95dc0>: Failed to establish a new connection: [Errno 61] Connection refused

The above exception was the direct cause of the following exception:
venv/lib/python3.9/site-packages/requests/adapters.py:644: in send
    resp = conn.urlopen(
venv/lib/python3.9/site-packages/urllib3/connectionpool.py:841: in urlopen
    retries = retries.increment(
venv/lib/python3.9/site-packages/urllib3/util/retry.py:519: in increment
    raise MaxRetryError(_pool, url, reason) from reason  # type: ignore[arg-type]
E   urllib3.exceptions.MaxRetryError: HTTPConnectionPool(host='localhost', port=8000): Max retries exceeded with url: /api/vector-stores (Caused by NewConnectionError('<urllib3.connection.HTTPConnection object at 0x12fe95dc0>: Failed to establish a new connection: [Errno 61] Connection refused'))

During handling of the above exception, another exception occurred:
tests/test_api.py:116: in test_03_upload_batch
    requests.post(f"{API_BASE}/vector-stores", json={"name": TEST_STORE_NAME})
venv/lib/python3.9/site-packages/requests/api.py:115: in post
    return request("post", url, data=data, json=json, **kwargs)
venv/lib/python3.9/site-packages/requests/api.py:59: in request
    return session.request(method=method, url=url, **kwargs)
venv/lib/python3.9/site-packages/requests/sessions.py:589: in request
    resp = self.send(prep, **send_kwargs)
venv/lib/python3.9/site-packages/requests/sessions.py:703: in send
    r = adapter.send(request, **kwargs)
venv/lib/python3.9/site-packages/requests/adapters.py:677: in send
    raise ConnectionError(e, request=request)
E   requests.exceptions.ConnectionError: HTTPConnectionPool(host='localhost', port=8000): Max retries exceeded with url: /api/vector-stores (Caused by NewConnectionError('<urllib3.connection.HTTPConnection object at 0x12fe95dc0>: Failed to establish a new connection: [Errno 61] Connection refused'))
__________________ TestSearchEndpoints.test_01_search_by_text __________________
venv/lib/python3.9/site-packages/urllib3/connection.py:198: in _new_conn
    sock = connection.create_connection(
venv/lib/python3.9/site-packages/urllib3/util/connection.py:85: in create_connection
    raise err
venv/lib/python3.9/site-packages/urllib3/util/connection.py:73: in create_connection
    sock.connect(sa)
E   ConnectionRefusedError: [Errno 61] Connection refused

The above exception was the direct cause of the following exception:
venv/lib/python3.9/site-packages/urllib3/connectionpool.py:787: in urlopen
    response = self._make_request(
venv/lib/python3.9/site-packages/urllib3/connectionpool.py:493: in _make_request
    conn.request(
venv/lib/python3.9/site-packages/urllib3/connection.py:445: in request
    self.endheaders()
/Library/Developer/CommandLineTools/Library/Frameworks/Python3.framework/Versions/3.9/lib/python3.9/http/client.py:1252: in endheaders
    self._send_output(message_body, encode_chunked=encode_chunked)
/Library/Developer/CommandLineTools/Library/Frameworks/Python3.framework/Versions/3.9/lib/python3.9/http/client.py:1012: in _send_output
    self.send(msg)
/Library/Developer/CommandLineTools/Library/Frameworks/Python3.framework/Versions/3.9/lib/python3.9/http/client.py:952: in send
    self.connect()
venv/lib/python3.9/site-packages/urllib3/connection.py:276: in connect
    self.sock = self._new_conn()
venv/lib/python3.9/site-packages/urllib3/connection.py:213: in _new_conn
    raise NewConnectionError(
E   urllib3.exceptions.NewConnectionError: <urllib3.connection.HTTPConnection object at 0x12ffa8070>: Failed to establish a new connection: [Errno 61] Connection refused

The above exception was the direct cause of the following exception:
venv/lib/python3.9/site-packages/requests/adapters.py:644: in send
    resp = conn.urlopen(
venv/lib/python3.9/site-packages/urllib3/connectionpool.py:841: in urlopen
    retries = retries.increment(
venv/lib/python3.9/site-packages/urllib3/util/retry.py:519: in increment
    raise MaxRetryError(_pool, url, reason) from reason  # type: ignore[arg-type]
E   urllib3.exceptions.MaxRetryError: HTTPConnectionPool(host='localhost', port=8000): Max retries exceeded with url: /api/search-by-id (Caused by NewConnectionError('<urllib3.connection.HTTPConnection object at 0x12ffa8070>: Failed to establish a new connection: [Errno 61] Connection refused'))

During handling of the above exception, another exception occurred:
tests/test_api.py:154: in test_01_search_by_text
    response = requests.post(f"{API_BASE}/search-by-id", json=payload)
venv/lib/python3.9/site-packages/requests/api.py:115: in post
    return request("post", url, data=data, json=json, **kwargs)
venv/lib/python3.9/site-packages/requests/api.py:59: in request
    return session.request(method=method, url=url, **kwargs)
venv/lib/python3.9/site-packages/requests/sessions.py:589: in request
    resp = self.send(prep, **send_kwargs)
venv/lib/python3.9/site-packages/requests/sessions.py:703: in send
    r = adapter.send(request, **kwargs)
venv/lib/python3.9/site-packages/requests/adapters.py:677: in send
    raise ConnectionError(e, request=request)
E   requests.exceptions.ConnectionError: HTTPConnectionPool(host='localhost', port=8000): Max retries exceeded with url: /api/search-by-id (Caused by NewConnectionError('<urllib3.connection.HTTPConnection object at 0x12ffa8070>: Failed to establish a new connection: [Errno 61] Connection refused'))
__________________ TestSearchEndpoints.test_02_search_by_file __________________
venv/lib/python3.9/site-packages/urllib3/connection.py:198: in _new_conn
    sock = connection.create_connection(
venv/lib/python3.9/site-packages/urllib3/util/connection.py:85: in create_connection
    raise err
venv/lib/python3.9/site-packages/urllib3/util/connection.py:73: in create_connection
    sock.connect(sa)
E   ConnectionRefusedError: [Errno 61] Connection refused

The above exception was the direct cause of the following exception:
venv/lib/python3.9/site-packages/urllib3/connectionpool.py:787: in urlopen
    response = self._make_request(
venv/lib/python3.9/site-packages/urllib3/connectionpool.py:493: in _make_request
    conn.request(
venv/lib/python3.9/site-packages/urllib3/connection.py:445: in request
    self.endheaders()
/Library/Developer/CommandLineTools/Library/Frameworks/Python3.framework/Versions/3.9/lib/python3.9/http/client.py:1252: in endheaders
    self._send_output(message_body, encode_chunked=encode_chunked)
/Library/Developer/CommandLineTools/Library/Frameworks/Python3.framework/Versions/3.9/lib/python3.9/http/client.py:1012: in _send_output
    self.send(msg)
/Library/Developer/CommandLineTools/Library/Frameworks/Python3.framework/Versions/3.9/lib/python3.9/http/client.py:952: in send
    self.connect()
venv/lib/python3.9/site-packages/urllib3/connection.py:276: in connect
    self.sock = self._new_conn()
venv/lib/python3.9/site-packages/urllib3/connection.py:213: in _new_conn
    raise NewConnectionError(
E   urllib3.exceptions.NewConnectionError: <urllib3.connection.HTTPConnection object at 0x12fc641c0>: Failed to establish a new connection: [Errno 61] Connection refused

The above exception was the direct cause of the following exception:
venv/lib/python3.9/site-packages/requests/adapters.py:644: in send
    resp = conn.urlopen(
venv/lib/python3.9/site-packages/urllib3/connectionpool.py:841: in urlopen
    retries = retries.increment(
venv/lib/python3.9/site-packages/urllib3/util/retry.py:519: in increment
    raise MaxRetryError(_pool, url, reason) from reason  # type: ignore[arg-type]
E   urllib3.exceptions.MaxRetryError: HTTPConnectionPool(host='localhost', port=8000): Max retries exceeded with url: /api/search (Caused by NewConnectionError('<urllib3.connection.HTTPConnection object at 0x12fc641c0>: Failed to establish a new connection: [Errno 61] Connection refused'))

During handling of the above exception, another exception occurred:
tests/test_api.py:178: in test_02_search_by_file
    response = requests.post(f"{API_BASE}/search", files=files, data=data)
venv/lib/python3.9/site-packages/requests/api.py:115: in post
    return request("post", url, data=data, json=json, **kwargs)
venv/lib/python3.9/site-packages/requests/api.py:59: in request
    return session.request(method=method, url=url, **kwargs)
venv/lib/python3.9/site-packages/requests/sessions.py:589: in request
    resp = self.send(prep, **send_kwargs)
venv/lib/python3.9/site-packages/requests/sessions.py:703: in send
    r = adapter.send(request, **kwargs)
venv/lib/python3.9/site-packages/requests/adapters.py:677: in send
    raise ConnectionError(e, request=request)
E   requests.exceptions.ConnectionError: HTTPConnectionPool(host='localhost', port=8000): Max retries exceeded with url: /api/search (Caused by NewConnectionError('<urllib3.connection.HTTPConnection object at 0x12fc641c0>: Failed to establish a new connection: [Errno 61] Connection refused'))
___________ TestSearchEndpoints.test_03_search_with_modality_filter ____________
venv/lib/python3.9/site-packages/urllib3/connection.py:198: in _new_conn
    sock = connection.create_connection(
venv/lib/python3.9/site-packages/urllib3/util/connection.py:85: in create_connection
    raise err
venv/lib/python3.9/site-packages/urllib3/util/connection.py:73: in create_connection
    sock.connect(sa)
E   ConnectionRefusedError: [Errno 61] Connection refused

The above exception was the direct cause of the following exception:
venv/lib/python3.9/site-packages/urllib3/connectionpool.py:787: in urlopen
    response = self._make_request(
venv/lib/python3.9/site-packages/urllib3/connectionpool.py:493: in _make_request
    conn.request(
venv/lib/python3.9/site-packages/urllib3/connection.py:445: in request
    self.endheaders()
/Library/Developer/CommandLineTools/Library/Frameworks/Python3.framework/Versions/3.9/lib/python3.9/http/client.py:1252: in endheaders
    self._send_output(message_body, encode_chunked=encode_chunked)
/Library/Developer/CommandLineTools/Library/Frameworks/Python3.framework/Versions/3.9/lib/python3.9/http/client.py:1012: in _send_output
    self.send(msg)
/Library/Developer/CommandLineTools/Library/Frameworks/Python3.framework/Versions/3.9/lib/python3.9/http/client.py:952: in send
    self.connect()
venv/lib/python3.9/site-packages/urllib3/connection.py:276: in connect
    self.sock = self._new_conn()
venv/lib/python3.9/site-packages/urllib3/connection.py:213: in _new_conn
    raise NewConnectionError(
E   urllib3.exceptions.NewConnectionError: <urllib3.connection.HTTPConnection object at 0x12fbf7880>: Failed to establish a new connection: [Errno 61] Connection refused

The above exception was the direct cause of the following exception:
venv/lib/python3.9/site-packages/requests/adapters.py:644: in send
    resp = conn.urlopen(
venv/lib/python3.9/site-packages/urllib3/connectionpool.py:841: in urlopen
    retries = retries.increment(
venv/lib/python3.9/site-packages/urllib3/util/retry.py:519: in increment
    raise MaxRetryError(_pool, url, reason) from reason  # type: ignore[arg-type]
E   urllib3.exceptions.MaxRetryError: HTTPConnectionPool(host='localhost', port=8000): Max retries exceeded with url: /api/search-by-id (Caused by NewConnectionError('<urllib3.connection.HTTPConnection object at 0x12fbf7880>: Failed to establish a new connection: [Errno 61] Connection refused'))

During handling of the above exception, another exception occurred:
tests/test_api.py:194: in test_03_search_with_modality_filter
    response = requests.post(f"{API_BASE}/search-by-id", json=payload)
venv/lib/python3.9/site-packages/requests/api.py:115: in post
    return request("post", url, data=data, json=json, **kwargs)
venv/lib/python3.9/site-packages/requests/api.py:59: in request
    return session.request(method=method, url=url, **kwargs)
venv/lib/python3.9/site-packages/requests/sessions.py:589: in request
    resp = self.send(prep, **send_kwargs)
venv/lib/python3.9/site-packages/requests/sessions.py:703: in send
    r = adapter.send(request, **kwargs)
venv/lib/python3.9/site-packages/requests/adapters.py:677: in send
    raise ConnectionError(e, request=request)
E   requests.exceptions.ConnectionError: HTTPConnectionPool(host='localhost', port=8000): Max retries exceeded with url: /api/search-by-id (Caused by NewConnectionError('<urllib3.connection.HTTPConnection object at 0x12fbf7880>: Failed to establish a new connection: [Errno 61] Connection refused'))
________________ TestFileEndpoints.test_01_list_files_in_store _________________
venv/lib/python3.9/site-packages/urllib3/connection.py:198: in _new_conn
    sock = connection.create_connection(
venv/lib/python3.9/site-packages/urllib3/util/connection.py:85: in create_connection
    raise err
venv/lib/python3.9/site-packages/urllib3/util/connection.py:73: in create_connection
    sock.connect(sa)
E   ConnectionRefusedError: [Errno 61] Connection refused

The above exception was the direct cause of the following exception:
venv/lib/python3.9/site-packages/urllib3/connectionpool.py:787: in urlopen
    response = self._make_request(
venv/lib/python3.9/site-packages/urllib3/connectionpool.py:493: in _make_request
    conn.request(
venv/lib/python3.9/site-packages/urllib3/connection.py:445: in request
    self.endheaders()
/Library/Developer/CommandLineTools/Library/Frameworks/Python3.framework/Versions/3.9/lib/python3.9/http/client.py:1252: in endheaders
    self._send_output(message_body, encode_chunked=encode_chunked)
/Library/Developer/CommandLineTools/Library/Frameworks/Python3.framework/Versions/3.9/lib/python3.9/http/client.py:1012: in _send_output
    self.send(msg)
/Library/Developer/CommandLineTools/Library/Frameworks/Python3.framework/Versions/3.9/lib/python3.9/http/client.py:952: in send
    self.connect()
venv/lib/python3.9/site-packages/urllib3/connection.py:276: in connect
    self.sock = self._new_conn()
venv/lib/python3.9/site-packages/urllib3/connection.py:213: in _new_conn
    raise NewConnectionError(
E   urllib3.exceptions.NewConnectionError: <urllib3.connection.HTTPConnection object at 0x12fc03730>: Failed to establish a new connection: [Errno 61] Connection refused

The above exception was the direct cause of the following exception:
venv/lib/python3.9/site-packages/requests/adapters.py:644: in send
    resp = conn.urlopen(
venv/lib/python3.9/site-packages/urllib3/connectionpool.py:841: in urlopen
    retries = retries.increment(
venv/lib/python3.9/site-packages/urllib3/util/retry.py:519: in increment
    raise MaxRetryError(_pool, url, reason) from reason  # type: ignore[arg-type]
E   urllib3.exceptions.MaxRetryError: HTTPConnectionPool(host='localhost', port=8000): Max retries exceeded with url: /api/vector-stores/test_api_store/files (Caused by NewConnectionError('<urllib3.connection.HTTPConnection object at 0x12fc03730>: Failed to establish a new connection: [Errno 61] Connection refused'))

During handling of the above exception, another exception occurred:
tests/test_api.py:207: in test_01_list_files_in_store
    response = requests.get(f"{API_BASE}/vector-stores/{TEST_STORE_NAME}/files")
venv/lib/python3.9/site-packages/requests/api.py:73: in get
    return request("get", url, params=params, **kwargs)
venv/lib/python3.9/site-packages/requests/api.py:59: in request
    return session.request(method=method, url=url, **kwargs)
venv/lib/python3.9/site-packages/requests/sessions.py:589: in request
    resp = self.send(prep, **send_kwargs)
venv/lib/python3.9/site-packages/requests/sessions.py:703: in send
    r = adapter.send(request, **kwargs)
venv/lib/python3.9/site-packages/requests/adapters.py:677: in send
    raise ConnectionError(e, request=request)
E   requests.exceptions.ConnectionError: HTTPConnectionPool(host='localhost', port=8000): Max retries exceeded with url: /api/vector-stores/test_api_store/files (Caused by NewConnectionError('<urllib3.connection.HTTPConnection object at 0x12fc03730>: Failed to establish a new connection: [Errno 61] Connection refused'))
_________________ TestModalityDetection.test_01_text_modality __________________
venv/lib/python3.9/site-packages/urllib3/connection.py:198: in _new_conn
    sock = connection.create_connection(
venv/lib/python3.9/site-packages/urllib3/util/connection.py:85: in create_connection
    raise err
venv/lib/python3.9/site-packages/urllib3/util/connection.py:73: in create_connection
    sock.connect(sa)
E   ConnectionRefusedError: [Errno 61] Connection refused

The above exception was the direct cause of the following exception:
venv/lib/python3.9/site-packages/urllib3/connectionpool.py:787: in urlopen
    response = self._make_request(
venv/lib/python3.9/site-packages/urllib3/connectionpool.py:493: in _make_request
    conn.request(
venv/lib/python3.9/site-packages/urllib3/connection.py:445: in request
    self.endheaders()
/Library/Developer/CommandLineTools/Library/Frameworks/Python3.framework/Versions/3.9/lib/python3.9/http/client.py:1252: in endheaders
    self._send_output(message_body, encode_chunked=encode_chunked)
/Library/Developer/CommandLineTools/Library/Frameworks/Python3.framework/Versions/3.9/lib/python3.9/http/client.py:1012: in _send_output
    self.send(msg)
/Library/Developer/CommandLineTools/Library/Frameworks/Python3.framework/Versions/3.9/lib/python3.9/http/client.py:952: in send
    self.connect()
venv/lib/python3.9/site-packages/urllib3/connection.py:276: in connect
    self.sock = self._new_conn()
venv/lib/python3.9/site-packages/urllib3/connection.py:213: in _new_conn
    raise NewConnectionError(
E   urllib3.exceptions.NewConnectionError: <urllib3.connection.HTTPConnection object at 0x12fe68940>: Failed to establish a new connection: [Errno 61] Connection refused

The above exception was the direct cause of the following exception:
venv/lib/python3.9/site-packages/requests/adapters.py:644: in send
    resp = conn.urlopen(
venv/lib/python3.9/site-packages/urllib3/connectionpool.py:841: in urlopen
    retries = retries.increment(
venv/lib/python3.9/site-packages/urllib3/util/retry.py:519: in increment
    raise MaxRetryError(_pool, url, reason) from reason  # type: ignore[arg-type]
E   urllib3.exceptions.MaxRetryError: HTTPConnectionPool(host='localhost', port=8000): Max retries exceeded with url: /api/embed-folder (Caused by NewConnectionError('<urllib3.connection.HTTPConnection object at 0x12fe68940>: Failed to establish a new connection: [Errno 61] Connection refused'))

During handling of the above exception, another exception occurred:
tests/test_api.py:230: in test_01_text_modality
    response = requests.post(f"{API_BASE}/embed-folder", files=[('files', files['file'])], data=data)
venv/lib/python3.9/site-packages/requests/api.py:115: in post
    return request("post", url, data=data, json=json, **kwargs)
venv/lib/python3.9/site-packages/requests/api.py:59: in request
    return session.request(method=method, url=url, **kwargs)
venv/lib/python3.9/site-packages/requests/sessions.py:589: in request
    resp = self.send(prep, **send_kwargs)
venv/lib/python3.9/site-packages/requests/sessions.py:703: in send
    r = adapter.send(request, **kwargs)
venv/lib/python3.9/site-packages/requests/adapters.py:677: in send
    raise ConnectionError(e, request=request)
E   requests.exceptions.ConnectionError: HTTPConnectionPool(host='localhost', port=8000): Max retries exceeded with url: /api/embed-folder (Caused by NewConnectionError('<urllib3.connection.HTTPConnection object at 0x12fe68940>: Failed to establish a new connection: [Errno 61] Connection refused'))
_________________ TestModalityDetection.test_02_image_modality _________________
venv/lib/python3.9/site-packages/urllib3/connection.py:198: in _new_conn
    sock = connection.create_connection(
venv/lib/python3.9/site-packages/urllib3/util/connection.py:85: in create_connection
    raise err
venv/lib/python3.9/site-packages/urllib3/util/connection.py:73: in create_connection
    sock.connect(sa)
E   ConnectionRefusedError: [Errno 61] Connection refused

The above exception was the direct cause of the following exception:
venv/lib/python3.9/site-packages/urllib3/connectionpool.py:787: in urlopen
    response = self._make_request(
venv/lib/python3.9/site-packages/urllib3/connectionpool.py:493: in _make_request
    conn.request(
venv/lib/python3.9/site-packages/urllib3/connection.py:445: in request
    self.endheaders()
/Library/Developer/CommandLineTools/Library/Frameworks/Python3.framework/Versions/3.9/lib/python3.9/http/client.py:1252: in endheaders
    self._send_output(message_body, encode_chunked=encode_chunked)
/Library/Developer/CommandLineTools/Library/Frameworks/Python3.framework/Versions/3.9/lib/python3.9/http/client.py:1012: in _send_output
    self.send(msg)
/Library/Developer/CommandLineTools/Library/Frameworks/Python3.framework/Versions/3.9/lib/python3.9/http/client.py:952: in send
    self.connect()
venv/lib/python3.9/site-packages/urllib3/connection.py:276: in connect
    self.sock = self._new_conn()
venv/lib/python3.9/site-packages/urllib3/connection.py:213: in _new_conn
    raise NewConnectionError(
E   urllib3.exceptions.NewConnectionError: <urllib3.connection.HTTPConnection object at 0x12fc82c70>: Failed to establish a new connection: [Errno 61] Connection refused

The above exception was the direct cause of the following exception:
venv/lib/python3.9/site-packages/requests/adapters.py:644: in send
    resp = conn.urlopen(
venv/lib/python3.9/site-packages/urllib3/connectionpool.py:841: in urlopen
    retries = retries.increment(
venv/lib/python3.9/site-packages/urllib3/util/retry.py:519: in increment
    raise MaxRetryError(_pool, url, reason) from reason  # type: ignore[arg-type]
E   urllib3.exceptions.MaxRetryError: HTTPConnectionPool(host='localhost', port=8000): Max retries exceeded with url: /api/embed-folder (Caused by NewConnectionError('<urllib3.connection.HTTPConnection object at 0x12fc82c70>: Failed to establish a new connection: [Errno 61] Connection refused'))

During handling of the above exception, another exception occurred:
tests/test_api.py:240: in test_02_image_modality
    response = requests.post(f"{API_BASE}/embed-folder", files=[('files', files['file'])], data=data)
venv/lib/python3.9/site-packages/requests/api.py:115: in post
    return request("post", url, data=data, json=json, **kwargs)
venv/lib/python3.9/site-packages/requests/api.py:59: in request
    return session.request(method=method, url=url, **kwargs)
venv/lib/python3.9/site-packages/requests/sessions.py:589: in request
    resp = self.send(prep, **send_kwargs)
venv/lib/python3.9/site-packages/requests/sessions.py:703: in send
    r = adapter.send(request, **kwargs)
venv/lib/python3.9/site-packages/requests/adapters.py:677: in send
    raise ConnectionError(e, request=request)
E   requests.exceptions.ConnectionError: HTTPConnectionPool(host='localhost', port=8000): Max retries exceeded with url: /api/embed-folder (Caused by NewConnectionError('<urllib3.connection.HTTPConnection object at 0x12fc82c70>: Failed to establish a new connection: [Errno 61] Connection refused'))
_________________ TestErrorHandling.test_01_invalid_store_name _________________
venv/lib/python3.9/site-packages/urllib3/connection.py:198: in _new_conn
    sock = connection.create_connection(
venv/lib/python3.9/site-packages/urllib3/util/connection.py:85: in create_connection
    raise err
venv/lib/python3.9/site-packages/urllib3/util/connection.py:73: in create_connection
    sock.connect(sa)
E   ConnectionRefusedError: [Errno 61] Connection refused

The above exception was the direct cause of the following exception:
venv/lib/python3.9/site-packages/urllib3/connectionpool.py:787: in urlopen
    response = self._make_request(
venv/lib/python3.9/site-packages/urllib3/connectionpool.py:493: in _make_request
    conn.request(
venv/lib/python3.9/site-packages/urllib3/connection.py:445: in request
    self.endheaders()
/Library/Developer/CommandLineTools/Library/Frameworks/Python3.framework/Versions/3.9/lib/python3.9/http/client.py:1252: in endheaders
    self._send_output(message_body, encode_chunked=encode_chunked)
/Library/Developer/CommandLineTools/Library/Frameworks/Python3.framework/Versions/3.9/lib/python3.9/http/client.py:1012: in _send_output
    self.send(msg)
/Library/Developer/CommandLineTools/Library/Frameworks/Python3.framework/Versions/3.9/lib/python3.9/http/client.py:952: in send
    self.connect()
venv/lib/python3.9/site-packages/urllib3/connection.py:276: in connect
    self.sock = self._new_conn()
venv/lib/python3.9/site-packages/urllib3/connection.py:213: in _new_conn
    raise NewConnectionError(
E   urllib3.exceptions.NewConnectionError: <urllib3.connection.HTTPConnection object at 0x12ff67ee0>: Failed to establish a new connection: [Errno 61] Connection refused

The above exception was the direct cause of the following exception:
venv/lib/python3.9/site-packages/requests/adapters.py:644: in send
    resp = conn.urlopen(
venv/lib/python3.9/site-packages/urllib3/connectionpool.py:841: in urlopen
    retries = retries.increment(
venv/lib/python3.9/site-packages/urllib3/util/retry.py:519: in increment
    raise MaxRetryError(_pool, url, reason) from reason  # type: ignore[arg-type]
E   urllib3.exceptions.MaxRetryError: HTTPConnectionPool(host='localhost', port=8000): Max retries exceeded with url: /api/vector-stores/nonexistent_store_xyz (Caused by NewConnectionError('<urllib3.connection.HTTPConnection object at 0x12ff67ee0>: Failed to establish a new connection: [Errno 61] Connection refused'))

During handling of the above exception, another exception occurred:
tests/test_api.py:249: in test_01_invalid_store_name
    response = requests.get(f"{API_BASE}/vector-stores/nonexistent_store_xyz")
venv/lib/python3.9/site-packages/requests/api.py:73: in get
    return request("get", url, params=params, **kwargs)
venv/lib/python3.9/site-packages/requests/api.py:59: in request
    return session.request(method=method, url=url, **kwargs)
venv/lib/python3.9/site-packages/requests/sessions.py:589: in request
    resp = self.send(prep, **send_kwargs)
venv/lib/python3.9/site-packages/requests/sessions.py:703: in send
    r = adapter.send(request, **kwargs)
venv/lib/python3.9/site-packages/requests/adapters.py:677: in send
    raise ConnectionError(e, request=request)
E   requests.exceptions.ConnectionError: HTTPConnectionPool(host='localhost', port=8000): Max retries exceeded with url: /api/vector-stores/nonexistent_store_xyz (Caused by NewConnectionError('<urllib3.connection.HTTPConnection object at 0x12ff67ee0>: Failed to establish a new connection: [Errno 61] Connection refused'))
________________ TestErrorHandling.test_02_invalid_file_format _________________
venv/lib/python3.9/site-packages/urllib3/connection.py:198: in _new_conn
    sock = connection.create_connection(
venv/lib/python3.9/site-packages/urllib3/util/connection.py:85: in create_connection
    raise err
venv/lib/python3.9/site-packages/urllib3/util/connection.py:73: in create_connection
    sock.connect(sa)
E   ConnectionRefusedError: [Errno 61] Connection refused

The above exception was the direct cause of the following exception:
venv/lib/python3.9/site-packages/urllib3/connectionpool.py:787: in urlopen
    response = self._make_request(
venv/lib/python3.9/site-packages/urllib3/connectionpool.py:493: in _make_request
    conn.request(
venv/lib/python3.9/site-packages/urllib3/connection.py:445: in request
    self.endheaders()
/Library/Developer/CommandLineTools/Library/Frameworks/Python3.framework/Versions/3.9/lib/python3.9/http/client.py:1252: in endheaders
    self._send_output(message_body, encode_chunked=encode_chunked)
/Library/Developer/CommandLineTools/Library/Frameworks/Python3.framework/Versions/3.9/lib/python3.9/http/client.py:1012: in _send_output
    self.send(msg)
/Library/Developer/CommandLineTools/Library/Frameworks/Python3.framework/Versions/3.9/lib/python3.9/http/client.py:952: in send
    self.connect()
venv/lib/python3.9/site-packages/urllib3/connection.py:276: in connect
    self.sock = self._new_conn()
venv/lib/python3.9/site-packages/urllib3/connection.py:213: in _new_conn
    raise NewConnectionError(
E   urllib3.exceptions.NewConnectionError: <urllib3.connection.HTTPConnection object at 0x130067220>: Failed to establish a new connection: [Errno 61] Connection refused

The above exception was the direct cause of the following exception:
venv/lib/python3.9/site-packages/requests/adapters.py:644: in send
    resp = conn.urlopen(
venv/lib/python3.9/site-packages/urllib3/connectionpool.py:841: in urlopen
    retries = retries.increment(
venv/lib/python3.9/site-packages/urllib3/util/retry.py:519: in increment
    raise MaxRetryError(_pool, url, reason) from reason  # type: ignore[arg-type]
E   urllib3.exceptions.MaxRetryError: HTTPConnectionPool(host='localhost', port=8000): Max retries exceeded with url: /api/embed (Caused by NewConnectionError('<urllib3.connection.HTTPConnection object at 0x130067220>: Failed to establish a new connection: [Errno 61] Connection refused'))

During handling of the above exception, another exception occurred:
tests/test_api.py:261: in test_02_invalid_file_format
    response = requests.post(f"{API_BASE}/embed", files=files, data=data)
venv/lib/python3.9/site-packages/requests/api.py:115: in post
    return request("post", url, data=data, json=json, **kwargs)
venv/lib/python3.9/site-packages/requests/api.py:59: in request
    return session.request(method=method, url=url, **kwargs)
venv/lib/python3.9/site-packages/requests/sessions.py:589: in request
    resp = self.send(prep, **send_kwargs)
venv/lib/python3.9/site-packages/requests/sessions.py:703: in send
    r = adapter.send(request, **kwargs)
venv/lib/python3.9/site-packages/requests/adapters.py:677: in send
    raise ConnectionError(e, request=request)
E   requests.exceptions.ConnectionError: HTTPConnectionPool(host='localhost', port=8000): Max retries exceeded with url: /api/embed (Caused by NewConnectionError('<urllib3.connection.HTTPConnection object at 0x130067220>: Failed to establish a new connection: [Errno 61] Connection refused'))
_________________ TestErrorHandling.test_03_search_empty_store _________________
venv/lib/python3.9/site-packages/urllib3/connection.py:198: in _new_conn
    sock = connection.create_connection(
venv/lib/python3.9/site-packages/urllib3/util/connection.py:85: in create_connection
    raise err
venv/lib/python3.9/site-packages/urllib3/util/connection.py:73: in create_connection
    sock.connect(sa)
E   ConnectionRefusedError: [Errno 61] Connection refused

The above exception was the direct cause of the following exception:
venv/lib/python3.9/site-packages/urllib3/connectionpool.py:787: in urlopen
    response = self._make_request(
venv/lib/python3.9/site-packages/urllib3/connectionpool.py:493: in _make_request
    conn.request(
venv/lib/python3.9/site-packages/urllib3/connection.py:445: in request
    self.endheaders()
/Library/Developer/CommandLineTools/Library/Frameworks/Python3.framework/Versions/3.9/lib/python3.9/http/client.py:1252: in endheaders
    self._send_output(message_body, encode_chunked=encode_chunked)
/Library/Developer/CommandLineTools/Library/Frameworks/Python3.framework/Versions/3.9/lib/python3.9/http/client.py:1012: in _send_output
    self.send(msg)
/Library/Developer/CommandLineTools/Library/Frameworks/Python3.framework/Versions/3.9/lib/python3.9/http/client.py:952: in send
    self.connect()
venv/lib/python3.9/site-packages/urllib3/connection.py:276: in connect
    self.sock = self._new_conn()
venv/lib/python3.9/site-packages/urllib3/connection.py:213: in _new_conn
    raise NewConnectionError(
E   urllib3.exceptions.NewConnectionError: <urllib3.connection.HTTPConnection object at 0x12fb0f1f0>: Failed to establish a new connection: [Errno 61] Connection refused

The above exception was the direct cause of the following exception:
venv/lib/python3.9/site-packages/requests/adapters.py:644: in send
    resp = conn.urlopen(
venv/lib/python3.9/site-packages/urllib3/connectionpool.py:841: in urlopen
    retries = retries.increment(
venv/lib/python3.9/site-packages/urllib3/util/retry.py:519: in increment
    raise MaxRetryError(_pool, url, reason) from reason  # type: ignore[arg-type]
E   urllib3.exceptions.MaxRetryError: HTTPConnectionPool(host='localhost', port=8000): Max retries exceeded with url: /api/vector-stores/empty_test_store (Caused by NewConnectionError('<urllib3.connection.HTTPConnection object at 0x12fb0f1f0>: Failed to establish a new connection: [Errno 61] Connection refused'))

During handling of the above exception, another exception occurred:
tests/test_api.py:269: in test_03_search_empty_store
    requests.delete(f"{API_BASE}/vector-stores/{empty_store}")
venv/lib/python3.9/site-packages/requests/api.py:157: in delete
    return request("delete", url, **kwargs)
venv/lib/python3.9/site-packages/requests/api.py:59: in request
    return session.request(method=method, url=url, **kwargs)
venv/lib/python3.9/site-packages/requests/sessions.py:589: in request
    resp = self.send(prep, **send_kwargs)
venv/lib/python3.9/site-packages/requests/sessions.py:703: in send
    r = adapter.send(request, **kwargs)
venv/lib/python3.9/site-packages/requests/adapters.py:677: in send
    raise ConnectionError(e, request=request)
E   requests.exceptions.ConnectionError: HTTPConnectionPool(host='localhost', port=8000): Max retries exceeded with url: /api/vector-stores/empty_test_store (Caused by NewConnectionError('<urllib3.connection.HTTPConnection object at 0x12fb0f1f0>: Failed to establish a new connection: [Errno 61] Connection refused'))
______________________ TestCleanup.test_delete_test_store ______________________
venv/lib/python3.9/site-packages/urllib3/connection.py:198: in _new_conn
    sock = connection.create_connection(
venv/lib/python3.9/site-packages/urllib3/util/connection.py:85: in create_connection
    raise err
venv/lib/python3.9/site-packages/urllib3/util/connection.py:73: in create_connection
    sock.connect(sa)
E   ConnectionRefusedError: [Errno 61] Connection refused

The above exception was the direct cause of the following exception:
venv/lib/python3.9/site-packages/urllib3/connectionpool.py:787: in urlopen
    response = self._make_request(
venv/lib/python3.9/site-packages/urllib3/connectionpool.py:493: in _make_request
    conn.request(
venv/lib/python3.9/site-packages/urllib3/connection.py:445: in request
    self.endheaders()
/Library/Developer/CommandLineTools/Library/Frameworks/Python3.framework/Versions/3.9/lib/python3.9/http/client.py:1252: in endheaders
    self._send_output(message_body, encode_chunked=encode_chunked)
/Library/Developer/CommandLineTools/Library/Frameworks/Python3.framework/Versions/3.9/lib/python3.9/http/client.py:1012: in _send_output
    self.send(msg)
/Library/Developer/CommandLineTools/Library/Frameworks/Python3.framework/Versions/3.9/lib/python3.9/http/client.py:952: in send
    self.connect()
venv/lib/python3.9/site-packages/urllib3/connection.py:276: in connect
    self.sock = self._new_conn()
venv/lib/python3.9/site-packages/urllib3/connection.py:213: in _new_conn
    raise NewConnectionError(
E   urllib3.exceptions.NewConnectionError: <urllib3.connection.HTTPConnection object at 0x12fdd4550>: Failed to establish a new connection: [Errno 61] Connection refused

The above exception was the direct cause of the following exception:
venv/lib/python3.9/site-packages/requests/adapters.py:644: in send
    resp = conn.urlopen(
venv/lib/python3.9/site-packages/urllib3/connectionpool.py:841: in urlopen
    retries = retries.increment(
venv/lib/python3.9/site-packages/urllib3/util/retry.py:519: in increment
    raise MaxRetryError(_pool, url, reason) from reason  # type: ignore[arg-type]
E   urllib3.exceptions.MaxRetryError: HTTPConnectionPool(host='localhost', port=8000): Max retries exceeded with url: /api/vector-stores/test_api_store (Caused by NewConnectionError('<urllib3.connection.HTTPConnection object at 0x12fdd4550>: Failed to establish a new connection: [Errno 61] Connection refused'))

During handling of the above exception, another exception occurred:
tests/test_api.py:293: in test_delete_test_store
    response = requests.delete(f"{API_BASE}/vector-stores/{TEST_STORE_NAME}")
venv/lib/python3.9/site-packages/requests/api.py:157: in delete
    return request("delete", url, **kwargs)
venv/lib/python3.9/site-packages/requests/api.py:59: in request
    return session.request(method=method, url=url, **kwargs)
venv/lib/python3.9/site-packages/requests/sessions.py:589: in request
    resp = self.send(prep, **send_kwargs)
venv/lib/python3.9/site-packages/requests/sessions.py:703: in send
    r = adapter.send(request, **kwargs)
venv/lib/python3.9/site-packages/requests/adapters.py:677: in send
    raise ConnectionError(e, request=request)
E   requests.exceptions.ConnectionError: HTTPConnectionPool(host='localhost', port=8000): Max retries exceeded with url: /api/vector-stores/test_api_store (Caused by NewConnectionError('<urllib3.connection.HTTPConnection object at 0x12fdd4550>: Failed to establish a new connection: [Errno 61] Connection refused'))
=========================== short test summary info ============================
FAILED tests/test_api.py::TestHealthEndpoint::test_health_check - requests.exceptions.ConnectionError: HTTPConnectionPool(host='localhost', port=8000): Max retries exceeded with url: /api/health (Caused by NewConnectionError('<urllib3.connection.HTTPConnection object at 0x12fb43130>: Failed to establish a new connection: [Errno 61] Connection refused'))
FAILED tests/test_api.py::TestVectorStoreEndpoints::test_01_list_stores_empty_or_existing - requests.exceptions.ConnectionError: HTTPConnectionPool(host='localhost', port=8000): Max retries exceeded with url: /api/vector-stores (Caused by NewConnectionError('<urllib3.connection.HTTPConnection object at 0x12ffae400>: Failed to establish a new connection: [Errno 61] Connection refused'))
FAILED tests/test_api.py::TestVectorStoreEndpoints::test_02_create_store - requests.exceptions.ConnectionError: HTTPConnectionPool(host='localhost', port=8000): Max retries exceeded with url: /api/vector-stores/test_api_store (Caused by NewConnectionError('<urllib3.connection.HTTPConnection object at 0x12fe72730>: Failed to establish a new connection: [Errno 61] Connection refused'))
FAILED tests/test_api.py::TestVectorStoreEndpoints::test_03_get_store - requests.exceptions.ConnectionError: HTTPConnectionPool(host='localhost', port=8000): Max retries exceeded with url: /api/vector-stores/test_api_store (Caused by NewConnectionError('<urllib3.connection.HTTPConnection object at 0x12fe79f10>: Failed to establish a new connection: [Errno 61] Connection refused'))
FAILED tests/test_api.py::TestVectorStoreEndpoints::test_04_list_stores_with_test_store - requests.exceptions.ConnectionError: HTTPConnectionPool(host='localhost', port=8000): Max retries exceeded with url: /api/vector-stores (Caused by NewConnectionError('<urllib3.connection.HTTPConnection object at 0x12fdda1c0>: Failed to establish a new connection: [Errno 61] Connection refused'))
FAILED tests/test_api.py::TestUploadEndpoints::test_01_upload_text_file - requests.exceptions.ConnectionError: HTTPConnectionPool(host='localhost', port=8000): Max retries exceeded with url: /api/embed (Caused by NewConnectionError('<urllib3.connection.HTTPConnection object at 0x12fdc7dc0>: Failed to establish a new connection: [Errno 61] Connection refused'))
FAILED tests/test_api.py::TestUploadEndpoints::test_02_upload_image_file - requests.exceptions.ConnectionError: HTTPConnectionPool(host='localhost', port=8000): Max retries exceeded with url: /api/embed (Caused by NewConnectionError('<urllib3.connection.HTTPConnection object at 0x12fe64b50>: Failed to establish a new connection: [Errno 61] Connection refused'))
FAILED tests/test_api.py::TestUploadEndpoints::test_03_upload_batch - requests.exceptions.ConnectionError: HTTPConnectionPool(host='localhost', port=8000): Max retries exceeded with url: /api/vector-stores (Caused by NewConnectionError('<urllib3.connection.HTTPConnection object at 0x12fe95dc0>: Failed to establish a new connection: [Errno 61] Connection refused'))
FAILED tests/test_api.py::TestSearchEndpoints::test_01_search_by_text - requests.exceptions.ConnectionError: HTTPConnectionPool(host='localhost', port=8000): Max retries exceeded with url: /api/search-by-id (Caused by NewConnectionError('<urllib3.connection.HTTPConnection object at 0x12ffa8070>: Failed to establish a new connection: [Errno 61] Connection refused'))
FAILED tests/test_api.py::TestSearchEndpoints::test_02_search_by_file - requests.exceptions.ConnectionError: HTTPConnectionPool(host='localhost', port=8000): Max retries exceeded with url: /api/search (Caused by NewConnectionError('<urllib3.connection.HTTPConnection object at 0x12fc641c0>: Failed to establish a new connection: [Errno 61] Connection refused'))
FAILED tests/test_api.py::TestSearchEndpoints::test_03_search_with_modality_filter - requests.exceptions.ConnectionError: HTTPConnectionPool(host='localhost', port=8000): Max retries exceeded with url: /api/search-by-id (Caused by NewConnectionError('<urllib3.connection.HTTPConnection object at 0x12fbf7880>: Failed to establish a new connection: [Errno 61] Connection refused'))
FAILED tests/test_api.py::TestFileEndpoints::test_01_list_files_in_store - requests.exceptions.ConnectionError: HTTPConnectionPool(host='localhost', port=8000): Max retries exceeded with url: /api/vector-stores/test_api_store/files (Caused by NewConnectionError('<urllib3.connection.HTTPConnection object at 0x12fc03730>: Failed to establish a new connection: [Errno 61] Connection refused'))
FAILED tests/test_api.py::TestModalityDetection::test_01_text_modality - requests.exceptions.ConnectionError: HTTPConnectionPool(host='localhost', port=8000): Max retries exceeded with url: /api/embed-folder (Caused by NewConnectionError('<urllib3.connection.HTTPConnection object at 0x12fe68940>: Failed to establish a new connection: [Errno 61] Connection refused'))
FAILED tests/test_api.py::TestModalityDetection::test_02_image_modality - requests.exceptions.ConnectionError: HTTPConnectionPool(host='localhost', port=8000): Max retries exceeded with url: /api/embed-folder (Caused by NewConnectionError('<urllib3.connection.HTTPConnection object at 0x12fc82c70>: Failed to establish a new connection: [Errno 61] Connection refused'))
FAILED tests/test_api.py::TestErrorHandling::test_01_invalid_store_name - requests.exceptions.ConnectionError: HTTPConnectionPool(host='localhost', port=8000): Max retries exceeded with url: /api/vector-stores/nonexistent_store_xyz (Caused by NewConnectionError('<urllib3.connection.HTTPConnection object at 0x12ff67ee0>: Failed to establish a new connection: [Errno 61] Connection refused'))
FAILED tests/test_api.py::TestErrorHandling::test_02_invalid_file_format - requests.exceptions.ConnectionError: HTTPConnectionPool(host='localhost', port=8000): Max retries exceeded with url: /api/embed (Caused by NewConnectionError('<urllib3.connection.HTTPConnection object at 0x130067220>: Failed to establish a new connection: [Errno 61] Connection refused'))
FAILED tests/test_api.py::TestErrorHandling::test_03_search_empty_store - requests.exceptions.ConnectionError: HTTPConnectionPool(host='localhost', port=8000): Max retries exceeded with url: /api/vector-stores/empty_test_store (Caused by NewConnectionError('<urllib3.connection.HTTPConnection object at 0x12fb0f1f0>: Failed to establish a new connection: [Errno 61] Connection refused'))
FAILED tests/test_api.py::TestCleanup::test_delete_test_store - requests.exceptions.ConnectionError: HTTPConnectionPool(host='localhost', port=8000): Max retries exceeded with url: /api/vector-stores/test_api_store (Caused by NewConnectionError('<urllib3.connection.HTTPConnection object at 0x12fdd4550>: Failed to establish a new connection: [Errno 61] Connection refused'))
================== 18 failed, 37 passed, 29 warnings in 3.58s ==================
